2025-09-18 20:51:31,151 - HDGRACE - INFO - 🚀 HDGRACE XML Generator 초기화 완료
2025-09-18 20:51:49,205 - HDGRACE - INFO - 🚀 HDGRACE XML Generator 초기화 완료
2025-09-18 20:51:49,205 - HDGRACE - INFO - 🏗️ BAS 29.3.1 XML 생성 시작...
2025-09-18 20:51:49,206 - HDGRACE - INFO - 🎨 UI 요소 생성 시작...
2025-09-18 20:51:49,218 - HDGRACE - INFO - ✅ UI 요소 생성 완료: 3565개
2025-09-18 20:51:49,218 - HDGRACE - INFO - ⚡ 액션 생성 시작...
2025-09-18 20:51:49,505 - HDGRACE - INFO - ✅ 액션 생성 완료: 72000개
2025-09-18 20:51:49,505 - HDGRACE - INFO - 🔄 매크로 생성 시작...
2025-09-18 20:51:49,704 - HDGRACE - INFO - ✅ 매크로 생성 완료: 3000개
2025-09-18 20:52:09,798 - HDGRACE - INFO - 🚀 HDGRACE XML Generator 초기화 완료
2025-09-18 20:52:09,798 - HDGRACE - INFO - 🏗️ BAS 29.3.1 XML 생성 시작...
2025-09-18 20:52:09,798 - HDGRACE - INFO - 🎨 UI 요소 생성 시작...
2025-09-18 20:52:09,811 - HDGRACE - INFO - ✅ UI 요소 생성 완료: 3565개
2025-09-18 20:52:09,811 - HDGRACE - INFO - ⚡ 액션 생성 시작...
2025-09-18 20:52:10,097 - HDGRACE - INFO - ✅ 액션 생성 완료: 72000개
2025-09-18 20:52:10,098 - HDGRACE - INFO - 🔄 매크로 생성 시작...
2025-09-18 20:52:10,275 - HDGRACE - INFO - ✅ 매크로 생성 완료: 3000개
2025-09-18 20:52:58,119 - HDGRACE - INFO - 🚀 HDGRACE BAS 29.3.1 XML 생성기 시작
2025-09-18 20:52:58,119 - HDGRACE - INFO - 📊 목표: 7,170개 기능, 700MB+ XML 생성
2025-09-18 20:52:58,119 - HDGRACE - INFO - 🚀 HDGRACE XML Generator 초기화 완료
2025-09-18 20:52:58,119 - HDGRACE - INFO - 🏗️ BAS 29.3.1 XML 생성 시작...
2025-09-18 20:52:58,119 - HDGRACE - INFO - 🎨 UI 요소 생성 시작...
2025-09-18 20:52:58,131 - HDGRACE - INFO - ✅ UI 요소 생성 완료: 3565개
2025-09-18 20:52:58,131 - HDGRACE - INFO - ⚡ 액션 생성 시작...
2025-09-18 20:52:58,421 - HDGRACE - INFO - ✅ 액션 생성 완료: 72000개
2025-09-18 20:52:58,422 - HDGRACE - INFO - 🔄 매크로 생성 시작...
2025-09-18 20:52:58,607 - HDGRACE - INFO - ✅ 매크로 생성 완료: 3000개
2025-09-18 20:53:00,470 - HDGRACE - INFO - 🔧 XML 문법 오류 교정 시작...
2025-09-18 20:53:12,302 - HDGRACE - INFO - ✅ XML 교정 완료: 450건 수정
2025-09-18 20:53:12,303 - HDGRACE - INFO - ✅ BAS 29.3.1 XML 생성 완료
2025-09-18 20:53:12,726 - HDGRACE - INFO - 💾 XML 파일 저장 완료: /home/runner/work/HDGRACE-BAS-Final-XML-BAS-29.3.1/HDGRACE-BAS-Final-XML-BAS-29.3.1/output/HDGRACE-BAS-Final-20250918-205312.xml
2025-09-18 20:53:12,726 - HDGRACE - INFO - 📏 파일 크기: 61.08 MB
2025-09-18 20:53:12,726 - HDGRACE - WARNING - ⚠️ 파일 크기가 목표치(700MB)보다 작습니다.
2025-09-18 20:53:12,726 - HDGRACE - INFO - 
================================================================================
HDGRACE BAS 29.3.1 XML 생성 통계 보고서
================================================================================
📊 생성 통계:
   - 총 기능 수: 78,565개
   - UI 요소: 3,565개
   - 액션: 72,000개
   - 매크로: 3,000개

⏱️ 성능 통계:
   - 생성 시간: 14.18초
   - 목표 시간: 600초
   - 시간 준수: ✅

🎯 목표 달성도:
   - 기능 수 목표: 7,170개
   - 달성률: 1095.7%
   - 크기 목표: 700MB 이상
   
🔧 BAS 29.3.1 호환성:
   - 스키마 검증: ✅ 통과
   - 문법 오류 교정: ✅ 완료
   - visible="true" 적용: ✅ 전체 적용

🌐 시스템 사양:
   - 동시 시청자: 3,000명
   - Gmail 데이터베이스: 5,000,000명
   - BAS 버전: 29.3.1

================================================================================
생성 완료 시간: 2025-09-18 20:53:12
================================================================================
        
2025-09-18 20:53:12,727 - HDGRACE - INFO - 🎉 HDGRACE BAS 29.3.1 XML 생성 완료!
2025-09-18 20:53:12,727 - HDGRACE - INFO - 📁 출력 파일: /home/runner/work/HDGRACE-BAS-Final-XML-BAS-29.3.1/HDGRACE-BAS-Final-XML-BAS-29.3.1/output/HDGRACE-BAS-Final-20250918-205312.xml
2025-09-18 20:53:12,727 - HDGRACE - INFO - 📊 통계 파일: /home/runner/work/HDGRACE-BAS-Final-XML-BAS-29.3.1/HDGRACE-BAS-Final-XML-BAS-29.3.1/output/statistics_20250918_205312.txt
2025-09-18 20:53:12,727 - HDGRACE - INFO - ⏱️ 총 실행 시간: 14.61초
2025-09-18 20:53:12,727 - HDGRACE - INFO - ✅ 600초 이내 출력 목표 달성!
2025-09-18 20:53:12,746 - HDGRACE - INFO - 🎊 프로그램이 성공적으로 완료되었습니다!
